<?xml version="1.0" encoding="UTF-8"?>
<!-- Generated by org.testng.reporters.JUnitReportReporter -->
<testsuite skipped="0" hostname="ASDP1749PO02529" name="com.qainfotech.tap.training.resourceio.PropertiesOptionsIOTest" tests="2" failures="0" timestamp="28 Jun 2017 03:59:56 GMT" time="0.053" errors="0">
  <testcase name="getOptionValueMethodShouldReturnOptionValuesFromPropertiesFile" time="0.001" classname="com.qainfotech.tap.training.resourceio.PropertiesOptionsIOTest"/>
  <testcase name="addOptionShouldMethodShouldAppendPropertiesFileWithNewProperty" time="0.052" classname="com.qainfotech.tap.training.resourceio.PropertiesOptionsIOTest"/>
</testsuite> <!-- com.qainfotech.tap.training.resourceio.PropertiesOptionsIOTest -->
